\BOOKMARK [1][-]{section.1}{Selection Sort}{}% 1
\BOOKMARK [2][-]{subsection.1.1}{C\363digo:}{section.1}% 2
\BOOKMARK [2][-]{subsection.1.2}{Invariante:}{section.1}% 3
\BOOKMARK [2][-]{subsection.1.3}{Peor caso: \(n2\) - indedependiente al orden inicial}{section.1}% 4
\BOOKMARK [2][-]{subsection.1.4}{Mejor caso: \(n2\) - independiente al orden inicial}{section.1}% 5
\BOOKMARK [2][-]{subsection.1.5}{Estable: S\355}{section.1}% 6
\BOOKMARK [2][-]{subsection.1.6}{In place: S\355}{section.1}% 7
\BOOKMARK [2][-]{subsection.1.7}{Swaps: \(n\)}{section.1}% 8
\BOOKMARK [2][-]{subsection.1.8}{Si se corta, da un subarreglo ordenado: S\355, la parte baja}{section.1}% 9
\BOOKMARK [2][-]{subsection.1.9}{Insertar elementos en runtime: No}{section.1}% 10
\BOOKMARK [1][-]{section.2}{Insertion Sort}{}% 11
\BOOKMARK [2][-]{subsection.2.1}{C\363digo:}{section.2}% 12
\BOOKMARK [2][-]{subsection.2.2}{Invariante:}{section.2}% 13
\BOOKMARK [2][-]{subsection.2.3}{Peor caso: O\(n2\) - orden inverso}{section.2}% 14
\BOOKMARK [2][-]{subsection.2.4}{Mejor caso: O\(n\) - ordenado}{section.2}% 15
\BOOKMARK [2][-]{subsection.2.5}{Estable: S\355}{section.2}% 16
\BOOKMARK [2][-]{subsection.2.6}{In place: S\355}{section.2}% 17
\BOOKMARK [2][-]{subsection.2.7}{Swaps: O\(n2\) - peor caso}{section.2}% 18
\BOOKMARK [2][-]{subsection.2.8}{Si se corta, da un subarreglo ordenado: No, pero da orden parcial relativo}{section.2}% 19
\BOOKMARK [2][-]{subsection.2.9}{Insertar elementos en runtime: S\355}{section.2}% 20
\BOOKMARK [1][-]{section.3}{Bubble Sort}{}% 21
\BOOKMARK [2][-]{subsection.3.1}{C\363digo:}{section.3}% 22
\BOOKMARK [2][-]{subsection.3.2}{Invariante:}{section.3}% 23
\BOOKMARK [2][-]{subsection.3.3}{Peor caso: O\(n2\)}{section.3}% 24
\BOOKMARK [2][-]{subsection.3.4}{Mejor caso: O\(n\) - ordenado y con chequeo de swap}{section.3}% 25
\BOOKMARK [2][-]{subsection.3.5}{Estable: S\355}{section.3}% 26
\BOOKMARK [2][-]{subsection.3.6}{In place: S\355}{section.3}% 27
\BOOKMARK [2][-]{subsection.3.7}{Swaps: O\(n2\) - peor caso}{section.3}% 28
\BOOKMARK [2][-]{subsection.3.8}{Si se corta, da un subarreglo ordenado: S\355, la parte alta}{section.3}% 29
\BOOKMARK [2][-]{subsection.3.9}{Insertar elementos en runtime: S\355, pero los insert\341s adelante}{section.3}% 30
\BOOKMARK [1][-]{section.4}{HeapSort}{}% 31
\BOOKMARK [2][-]{subsection.4.1}{C\363digo:}{section.4}% 32
\BOOKMARK [2][-]{subsection.4.2}{Invariante:}{section.4}% 33
\BOOKMARK [2][-]{subsection.4.3}{Peor caso: \(n log n\) - independiente al orden inicial}{section.4}% 34
\BOOKMARK [2][-]{subsection.4.4}{Mejor caso: \(n log n\) - independiente al orden inicial}{section.4}% 35
\BOOKMARK [2][-]{subsection.4.5}{Estable: No}{section.4}% 36
\BOOKMARK [2][-]{subsection.4.6}{In place: S\355}{section.4}% 37
\BOOKMARK [2][-]{subsection.4.7}{Si se corta, da un subarreglo ordenado: S\355, la parte alta}{section.4}% 38
\BOOKMARK [2][-]{subsection.4.8}{Insertar elementos en runtime: No}{section.4}% 39
\BOOKMARK [1][-]{section.5}{QuickSort}{}% 40
\BOOKMARK [2][-]{subsection.5.1}{C\363digo:}{section.5}% 41
\BOOKMARK [2][-]{subsection.5.2}{Correctitud de QuickSort:}{section.5}% 42
\BOOKMARK [2][-]{subsection.5.3}{Invariante de Partition:}{section.5}% 43
\BOOKMARK [2][-]{subsection.5.4}{Peor caso: O\(n2\) - orden, orden inverso, todos iguales}{section.5}% 44
\BOOKMARK [2][-]{subsection.5.5}{Mejor caso: O\(n logn\)}{section.5}% 45
\BOOKMARK [2][-]{subsection.5.6}{Promedio: O\(n logn\)}{section.5}% 46
\BOOKMARK [2][-]{subsection.5.7}{Estable: No}{section.5}% 47
\BOOKMARK [2][-]{subsection.5.8}{In place: S\355}{section.5}% 48
\BOOKMARK [2][-]{subsection.5.9}{Swaps: O\(n2\) - peor caso}{section.5}% 49
\BOOKMARK [2][-]{subsection.5.10}{Si se corta, da un subarreglo ordenado: No}{section.5}% 50
\BOOKMARK [2][-]{subsection.5.11}{Insertar elementos en runtime: No}{section.5}% 51
\BOOKMARK [1][-]{section.6}{MergeSort}{}% 52
\BOOKMARK [2][-]{subsection.6.1}{C\363digo:}{section.6}% 53
\BOOKMARK [2][-]{subsection.6.2}{Correctitud de mergeSort:}{section.6}% 54
\BOOKMARK [2][-]{subsection.6.3}{Peor caso: O\(n logn\)}{section.6}% 55
\BOOKMARK [2][-]{subsection.6.4}{Mejor caso: O\(n logn\)}{section.6}% 56
\BOOKMARK [2][-]{subsection.6.5}{Promedio: O\(n logn\)}{section.6}% 57
\BOOKMARK [2][-]{subsection.6.6}{Estable: S\355}{section.6}% 58
\BOOKMARK [2][-]{subsection.6.7}{In place: S\355 \(aunque com\372nmente no\)}{section.6}% 59
\BOOKMARK [2][-]{subsection.6.8}{Si se corta, da un subarreglo ordenado: No}{section.6}% 60
\BOOKMARK [2][-]{subsection.6.9}{Insertar elementos en runtime: No}{section.6}% 61
